生成启动时间为 2021/2/27 14:48:36。
     1>项目“F:\研究生文件\C语言\CCC\text_2_11\text_2_11\text_2_11.vcxproj”在节点 2 上(Build 个目标)。
     1>ClCompile:
         D:\Program Files (x86)\Microsoft Visual Studio 12.0\VC\bin\CL.exe /c /ZI /nologo /W3 /WX- /sdl /Od /Oy- /D _MBCS /Gm /EHsc /RTC1 /MDd /GS /fp:precise /Zc:wchar_t /Zc:forScope /Fo"Debug\\" /Fd"Debug\vc120.pdb" /Gd /TC /analyze- /errorReport:prompt text.c
         text.c
     1>f:\研究生文件\c语言\ccc\text_2_11\text_2_11\text.c(148): warning C4013: “bubbble_sort”未定义；假设外部返回 int
       Link:
         D:\Program Files (x86)\Microsoft Visual Studio 12.0\VC\bin\link.exe /ERRORREPORT:PROMPT /OUT:"F:\研究生文件\C语言\CCC\text_2_11\Debug\text_2_11.exe" /INCREMENTAL /NOLOGO kernel32.lib user32.lib gdi32.lib winspool.lib comdlg32.lib advapi32.lib shell32.lib ole32.lib oleaut32.lib uuid.lib odbc32.lib odbccp32.lib /MANIFEST /MANIFESTUAC:"level='asInvoker' uiAccess='false'" /manifest:embed /DEBUG /PDB:"F:\研究生文件\C语言\CCC\text_2_11\Debug\text_2_11.pdb" /SUBSYSTEM:CONSOLE /TLBID:1 /DYNAMICBASE /NXCOMPAT /IMPLIB:"F:\研究生文件\C语言\CCC\text_2_11\Debug\text_2_11.lib" /MACHINE:X86 Debug\text.obj
     1>text.obj : error LNK2019: 无法解析的外部符号 _bubbble_sort，该符号在函数 _main 中被引用
     1>F:\研究生文件\C语言\CCC\text_2_11\Debug\text_2_11.exe : fatal error LNK1120: 1 个无法解析的外部命令
     1>已完成生成项目“F:\研究生文件\C语言\CCC\text_2_11\text_2_11\text_2_11.vcxproj”(Build 个目标)的操作 - 失败。

生成失败。

已用时间 00:00:01.72
